<?xml version="1.0" encoding="UTF-8"?>
<testsuite name="Cucumber" time="0.11" tests="1" skipped="0" failures="0" errors="0">
<testcase classname="feature to test login functionality" name="Check login is successfull eith valid creds" time="0.006">
<system-out><![CDATA[
Given user is on login page.................................................passed
When user enter username and password.......................................passed
And click on login page.....................................................passed
Then user is navigated to home page.........................................passed
]]></system-out>
</testcase>
</testsuite>
